# gpu   pwr  temp    sm   mem   enc   dec  mclk  pclk pviol tviol    fb  bar1 sbecc dbecc   pci rxpci txpci
# Idx     W     C     %     %     %     %   MHz   MHz     %  bool    MB    MB  errs  errs  errs  MB/s  MB/s
    0    51    61     0     0     0     0  5005  1669     0     0   155     5     -     -     0    16     0
    0    52    61     0     0     0     0  5005  1671     0     0   155     5     -     -     0     0     0
    0    51    61     0     0     0     0  5005  1672     0     0   155     5     -     -     0     0     0
    0    51    61     0     0     0     0  5005  1672     0     0   155     5     -     -     0     0     0
    0    51    62     0     0     0     0  5005  1673     0     0   155     5     -     -     0     0     3
    0    51    62     1     0     0     0  5005  1672     0     0   155     5     -     -     0     0     0
    0    41    61     1     0     0     0  4513  1672     0     0   155     5     -     -     0     0     0
    0    41    61     1     0     0     0  4513  1245     0     0   155     5     -     -     0     0     0
    0    41    61     1     0     0     0  4513  1202     0     0   155     5     -     -     0     0     0
    0    22    61     0     2     0     0   810  1124     0     0   155     5     -     -     0     3     0
    0    22    62     0     2     0     0   810   873     0     0   155     5     -     -     0     0     0
    0    53    62     0     0     0     0  5005   873     0     0   161     5     -     -     0     0     0
    0    51    62     0     0     0     0  5005  1360     0     0   161     5     -     -     0     0     0
    0    49    62     2     0     0     0  4513  1674     0     0   445     5     -     -     0   220    29
    0    49    62     2     0     0     0  4513  1675     0     0   445     5     -     -     0   220    29
    0    49    62     2     0     0     0  4513  1674     0     0   445     5     -     -     0   221    29
    0    49    62     2     0     0     0  4513  1673     0     0   445     5     -     -     0   260    29
    0    49    62     2     0     0     0  4513  1673     0     0   445     5     -     -     0   236    37
    0    49    62     2     0     0     0  4513  1673     0     0   445     5     -     -     0   226    30
    0    49    62     2     0     0     0  4513  1673     0     0   445     5     -     -     0   224    32
    0    49    62     2     0     0     0  4513  1673     0     0   445     5     -     -     0   243    32
    0    49    62     2     0     0     0  4513  1673     0     0   445     5     -     -     0   218    31
    0    49    62     2     0     0     0  4513  1673     0     0   445     5     -     -     0   220    32
    0    49    62     2     0     0     0  4513  1673     0     0   445     5     -     -     0   238    32
    0    49    62     3     0     0     0  4513  1675     0     0   445     5     -     -     0   256    32
    0    49    62     3     0     0     0  4513  1674     0     0   445     5     -     -     0   231    31
    0    49    62     3     0     0     0  4513  1675     0     0   445     5     -     -     0   220    31
    0    49    61     2     0     0     0  4513  1674     0     0   445     5     -     -     0   219    31
    0    49    61     2     0     0     0  4513  1673     0     0   445     5     -     -     0   242    30
    0    49    61     2     0     0     0  4513  1672     0     0   445     5     -     -     0   220    31
    0    49    61     2     0     0     0  4513  1675     0     0   445     5     -     -     0   253    31
    0    49    61     2     0     0     0  4513  1675     0     0   445     5     -     -     0   245    31
    0    49    61     2     0     0     0  4513  1675     0     0   445     5     -     -     0   254    39
    0    49    61     2     0     0     0  4513  1675     0     0   445     5     -     -     0   258    40
    0    49    61     2     0     0     0  4513  1674     0     0   445     5     -     -     0   254    39
    0    49    61     2     0     0     0  4513  1675     0     0   445     5     -     -     0   223    40
    0    49    61     3     0     0     0  4513  1675     0     0   445     5     -     -     0   272    40
    0    49    61     2     0     0     0  4513  1677     0     0   445     5     -     -     0   224    40
    0    49    61     2     0     0     0  4513  1676     0     0   445     5     -     -     0   223    39
    0    49    61     2     0     0     0  4513  1674     0     0   445     5     -     -     0   288    38
    0    49    61     2     0     0     0  4513  1673     0     0   445     5     -     -     0   219    39
    0    49    61     3     0     0     0  4513  1675     0     0   445     5     -     -     0   218    38
    0    49    61     3     0     0     0  4513  1674     0     0   445     5     -     -     0   222    39
    0    49    61     2     0     0     0  4513  1673     0     0   445     5     -     -     0   217    38
# gpu   pwr  temp    sm   mem   enc   dec  mclk  pclk pviol tviol    fb  bar1 sbecc dbecc   pci rxpci txpci
# Idx     W     C     %     %     %     %   MHz   MHz     %  bool    MB    MB  errs  errs  errs  MB/s  MB/s
    0    49    61     2     0     0     0  4513  1674     0     0   445     5     -     -     0   219    37
    0    49    61     2     0     0     0  4513  1675     0     0   445     5     -     -     0   219    38
    0    49    61     2     0     0     0  4513  1673     0     0   445     5     -     -     0   240    36
    0    49    60     2     0     0     0  4513  1675     0     0   445     5     -     -     0   267    37
    0    49    60     2     0     0     0  4513  1673     0     0   445     5     -     -     0   222    37
    0    49    60     2     0     0     0  4513  1673     0     0   445     5     -     -     0   235    37
    0    49    60     2     0     0     0  4513  1671     0     0   445     5     -     -     0   270    37
    0    49    60     2     0     0     0  4513  1672     0     0   445     5     -     -     0   273    36
    0    49    60     2     0     0     0  4513  1671     0     0   445     5     -     -     0   224    37
    0    49    60     2     0     0     0  4513  1672     0     0   445     5     -     -     0   255    37
    0    49    60     2     0     0     0  4513  1674     0     0   445     5     -     -     0   226    45
    0    49    60     2     0     0     0  4513  1674     0     0   445     5     -     -     0   276    38
    0    49    60     2     0     0     0  4513  1674     0     0   445     5     -     -     0   262    39
    0    49    60     3     0     0     0  4513  1674     0     0   445     5     -     -     0   220    40
    0    49    60     3     0     0     0  4513  1675     0     0   445     5     -     -     0   217    39
    0    49    60     3     0     0     0  4513  1675     0     0   445     5     -     -     0   224    40
    0    49    60     3     0     0     0  4513  1675     0     0   445     5     -     -     0   261    40
    0    49    60     2     0     0     0  4513  1676     0     0   445     5     -     -     0   222    39
    0    49    60     2     0     0     0  4513  1677     0     0   445     5     -     -     0   224    39
    0    49    60     2     0     0     0  4513  1674     0     0   445     5     -     -     0   218    39
    0    49    60     2     0     0     0  4513  1673     0     0   445     5     -     -     0   218    39
    0    49    60     2     0     0     0  4513  1673     0     0   445     5     -     -     0   248    39
    0    49    60     2     0     0     0  4513  1673     0     0   445     5     -     -     0   226    39
    0    49    60     2     0     0     0  4513  1671     0     0   445     5     -     -     0   245    29
    0    49    60     2     0     0     0  4513  1672     0     0   445     5     -     -     0   226    30
    0    49    60     2     0     0     0  4513  1670     0     0   445     5     -     -     0   263    31
    0    49    60     2     0     0     0  4513  1673     0     0   445     5     -     -     0   260    31
    0    49    59     2     0     0     0  4513  1675     0     0   445     5     -     -     0   224    32
    0    49    60     2     0     0     0  4513  1674     0     0   445     5     -     -     0   221    32
    0    49    60     3     0     0     0  4513  1674     0     0   445     5     -     -     0   222    31
    0    49    59     3     0     0     0  4513  1675     0     0   445     5     -     -     0   270    31
    0    49    59     3     0     0     0  4513  1676     0     0   445     5     -     -     0   224    31
    0    49    59     2     0     0     0  4513  1677     0     0   445     5     -     -     0   266    31
    0    49    59     3     0     0     0  4513  1678     0     0   445     5     -     -     0   224    31
    0    49    59     2     0     0     0  4513  1679     0     0   445     5     -     -     0   219    31
    0    49    59     2     0     0     0  4513  1679     0     0   445     5     -     -     0   220    31
    0    49    59     2     0     0     0  4513  1676     0     0   445     5     -     -     0   242    31
    0    49    59     2     0     0     0  4513  1675     0     0   445     5     -     -     0   271    31
    0    49    59     2     0     0     0  4513  1676     0     0   445     5     -     -     0   221    31
    0    49    59     2     0     0     0  4513  1676     0     0   445     5     -     -     0   227    31
    0    49    59     2     0     0     0  4513  1676     0     0   445     5     -     -     0   225    31
    0    49    59     2     0     0     0  4513  1675     0     0   445     5     -     -     0   222    38
    0    49    59     2     0     0     0  4513  1675     0     0   445     5     -     -     0   222    38
    0    49    59     2     0     0     0  4513  1675     0     0   445     5     -     -     0   217    31
# gpu   pwr  temp    sm   mem   enc   dec  mclk  pclk pviol tviol    fb  bar1 sbecc dbecc   pci rxpci txpci
# Idx     W     C     %     %     %     %   MHz   MHz     %  bool    MB    MB  errs  errs  errs  MB/s  MB/s
    0    48    59     2     0     0     0  4513  1674     0     0   445     5     -     -     0   279    31
    0    49    59     2     0     0     0  4513  1674     0     0   445     5     -     -     0   220    31
    0    49    59     3     0     0     0  4513  1674     0     0   445     5     -     -     0   217    31
    0    48    59     3     0     0     0  4513  1673     0     0   445     5     -     -     0   275    30
    0    48    59     3     0     0     0  4513  1674     0     0   445     5     -     -     0   233    29
    0    49    59     2     0     0     0  4513  1674     0     0   445     5     -     -     0   247    37
    0    49    59     2     0     0     0  4513  1675     0     0   445     5     -     -     0   242    36
    0    49    59     2     0     0     0  4513  1675     0     0   445     5     -     -     0   217    37
    0    49    59     2     0     0     0  4513  1673     0     0   445     5     -     -     0   269    37
    0    48    59     2     0     0     0  4513  1674     0     0   445     5     -     -     0   253    37
    0    49    59     2     0     0     0  4513  1676     0     0   445     5     -     -     0   239    38
    0    48    59     2     0     0     0  4513  1677     0     0   445     5     -     -     0   271    39
    0    49    59     2     0     0     0  4513  1674     0     0   445     5     -     -     0   226    40
    0    49    59     2     0     0     0  4513  1675     0     0   445     5     -     -     0   225    38
    0    49    59     2     0     0     0  4513  1674     0     0   445     5     -     -     0   219    40
    0    49    59     3     0     0     0  4513  1677     0     0   445     5     -     -     0   263    40
    0    48    59     2     0     0     0  4513  1676     0     0   445     5     -     -     0   220    39
    0    48    59     2     0     0     0  4513  1676     0     0   445     5     -     -     0   223    39
    0    49    59     2     0     0     0  4513  1675     0     0   445     5     -     -     0   220    39
    0    49    59     2     0     0     0  4513  1677     0     0   445     5     -     -     0   267    39
    0    48    59     3     0     0     0  4513  1676     0     0   445     5     -     -     0   240    38
    0    48    59     3     0     0     0  4513  1673     0     0   445     5     -     -     0   277    39
    0    48    59     3     0     0     0  4513  1675     0     0   445     5     -     -     0   225    39
    0    48    58     2     0     0     0  4513  1676     0     0   445     5     -     -     0   249    39
    0    48    59     2     0     0     0  4513  1676     0     0   445     5     -     -     0   270    40
    0    49    59     2     0     0     0  4513  1675     0     0   445     5     -     -     0   258    40
    0    48    59     2     0     0     0  4513  1676     0     0   445     5     -     -     0   219    38
    0    49    59     2     0     0     0  4513  1676     0     0   445     5     -     -     0   284    39
    0    49    58     2     0     0     0  4513  1677     0     0   445     5     -     -     0   267    38
    0    48    59     2     0     0     0  4513  1676     0     0   445     5     -     -     0   223    36
    0    48    58     2     0     0     0  4513  1677     0     0   445     5     -     -     0   224    37
    0    48    60     2     0     0     0  4513  1678     0     0   445     5     -     -     0   242    36
    0    49    58     2     0     0     0  4513  1678     0     0   445     5     -     -     0   216    36
    0    49    58     2     0     0     0  4513  1677     0     0   445     5     -     -     0   289    37
    0    48    58     2     0     0     0  4513  1676     0     0   445     5     -     -     0   220    37
    0    48    58     2     0     0     0  4513  1676     0     0   445     5     -     -     0   225    36
    0    48    58     2     0     0     0  4513  1674     0     0   445     5     -     -     0   225    36
    0    48    58     3     0     0     0  4513  1676     0     0   445     5     -     -     0   252    37
    0    48    58     2     0     0     0  4513  1675     0     0   445     5     -     -     0   242    38
    0    48    58     2     0     0     0  4513  1676     0     0   445     5     -     -     0   218    32
    0    48    58     2     0     0     0  4513  1675     0     0   445     5     -     -     0   262    31
    0    48    58     5     1     0     0  4513  1675     0     0   445     5     -     -     0   253    29
    0    48    58     2     0     0     0  4513  1676     0     0   445     5     -     -     0   222    30
    0    48    58     2     0     0     0  4513  1677     0     0   445     5     -     -     0   269    30
# gpu   pwr  temp    sm   mem   enc   dec  mclk  pclk pviol tviol    fb  bar1 sbecc dbecc   pci rxpci txpci
# Idx     W     C     %     %     %     %   MHz   MHz     %  bool    MB    MB  errs  errs  errs  MB/s  MB/s
    0    48    58     2     0     0     0  4513  1678     0     0   445     5     -     -     0   248    30
    0    48    58     2     0     0     0  4513  1677     0     0   445     5     -     -     0   223    30
    0    48    58     2     0     0     0  4513  1676     0     0   445     5     -     -     0   264    30
    0    49    58     2     0     0     0  4513  1675     0     0   445     5     -     -     0   250    29
    0    48    58     2     0     0     0  4513  1675     0     0   445     5     -     -     0   218    29
    0    48    58     2     0     0     0  4513  1676     0     0   445     5     -     -     0   222    29
    0    49    58     2     0     0     0  4513  1678     0     0   445     5     -     -     0   236    29
    0    48    58     3     0     0     0  4513  1678     0     0   445     5     -     -     0   237    36
    0    48    58     3     0     0     0  4513  1677     0     0   445     5     -     -     0   225    29
    0    48    58     3     0     0     0  4513  1676     0     0   445     5     -     -     0   222    29
    0    48    58     2     0     0     0  4513  1677     0     0   445     5     -     -     0   226    30
    0    49    58     2     0     0     0  4513  1676     0     0   445     5     -     -     0   261    31
    0    48    58     2     0     0     0  4513  1676     0     0   445     5     -     -     0   218    30
    0    48    58     2     0     0     0  4513  1676     0     0   445     5     -     -     0   275    31
    0    48    58     2     0     0     0  4513  1677     0     0   445     5     -     -     0   222    32
    0    48    58     2     0     0     0  4513  1676     0     0   445     5     -     -     0   221    31
    0    48    58     2     0     0     0  4513  1676     0     0   445     5     -     -     0   271    32
    0    48    58     2     0     0     0  4513  1676     0     0   445     5     -     -     0   267    32
    0    48    58     2     0     0     0  4513  1677     0     0   445     5     -     -     0   223    32
    0    48    58     2     0     0     0  4513  1677     0     0   445     5     -     -     0   224    32
    0    48    58     2     0     0     0  4513  1677     0     0   445     5     -     -     0   251    32
    0    48    58     2     0     0     0  4513  1676     0     0   445     5     -     -     0   222    39
    0    48    58     2     0     0     0  4513  1677     0     0   445     5     -     -     0   229    40
    0    48    58     2     0     0     0  4513  1676     0     0   445     5     -     -     0   254    39
    0    48    58     3     0     0     0  4513  1677     0     0   445     5     -     -     0   262    39
    0    48    58     3     0     0     0  4513  1678     0     0   445     5     -     -     0   241    40
    0    49    58     3     0     0     0  4513  1679     0     0   445     5     -     -     0   224    40
    0    48    58     2     0     0     0  4513  1678     0     0   445     5     -     -     0   222    40
    0    48    58     2     0     0     0  4513  1677     0     0   445     5     -     -     0   246    40
    0    48    58     2     0     0     0  4513  1676     0     0   445     5     -     -     0   218    39
    0    48    58     2     0     0     0  4513  1677     0     0   445     5     -     -     0   244    38
    0    48    58     2     0     0     0  4513  1677     0     0   445     5     -     -     0   220    40
    0    48    58     2     0     0     0  4513  1676     0     0   445     5     -     -     0   229    39
    0    48    58     2     0     0     0  4513  1677     0     0   445     5     -     -     0   262    39
    0    48    58     2     0     0     0  4513  1678     0     0   445     5     -     -     0   239    39
    0    48    58     2     0     0     0  4513  1676     0     0   445     5     -     -     0   276    39
    0    48    59     3     0     0     0  4513  1676     0     0   445     5     -     -     0   256    39
    0    48    59     2     0     0     0  4513  1677     0     0   445     5     -     -     0   255    45
    0    48    59     2     0     0     0  4513  1677     0     0   445     5     -     -     0   219    40
    0    49    59     2     0     0     0  4513  1677     0     0   445     5     -     -     0   255    39
    0    48    59     2     0     0     0  4513  1676     0     0   445     5     -     -     0   218    37
    0    49    59     3     0     0     0  4513  1676     0     0   445     5     -     -     0   287    37
    0    49    59     3     0     0     0  4513  1677     0     0   445     5     -     -     0   256    38
    0    49    59     3     0     0     0  4513  1678     0     0   445     5     -     -     0   223    38
# gpu   pwr  temp    sm   mem   enc   dec  mclk  pclk pviol tviol    fb  bar1 sbecc dbecc   pci rxpci txpci
# Idx     W     C     %     %     %     %   MHz   MHz     %  bool    MB    MB  errs  errs  errs  MB/s  MB/s
    0    49    59     2     0     0     0  4513  1677     0     0   445     5     -     -     0   223    36
    0    49    59     2     0     0     0  4513  1676     0     0   445     5     -     -     0   216    36
    0    48    58     2     0     0     0  4513  1676     0     0   445     5     -     -     0   278    37
    0    49    60     2     0     0     0  4513  1675     0     0   445     5     -     -     0   227    36
    0    49    60     2     0     0     0  4513  1676     0     0   445     5     -     -     0   258    37
    0    49    60     2     0     0     0  4513  1675     0     0   445     5     -     -     0   248    36
    0    49    60     2     0     0     0  4513  1675     0     0   445     5     -     -     0   224    38
    0    49    60     2     0     0     0  4513  1674     0     0   445     5     -     -     0   274    39
    0    49    60     2     0     0     0  4513  1674     0     0   445     5     -     -     0   223    39
    0    49    60     3     0     0     0  4513  1674     0     0   445     5     -     -     0   220    41
    0    49    60     2     0     0     0  4513  1672     0     0   445     5     -     -     0   283    40
    0    49    60     2     0     0     0  4513  1672     0     0   445     5     -     -     0   226    40
    0    49    60     2     0     0     0  4513  1671     0     0   445     5     -     -     0   220    30
    0    49    61     3     0     0     0  4513  1673     0     0   445     5     -     -     0   222    30
    0    49    61     3     0     0     0  4513  1674     0     0   445     5     -     -     0   222    30
    0    49    61     2     0     0     0  4513  1673     0     0   445     5     -     -     0   247    29
    0    49    61     2     0     0     0  4513  1674     0     0   445     5     -     -     0   220    31
    0    49    61     2     0     0     0  4513  1674     0     0   445     5     -     -     0   289    31
    0    49    61     2     0     0     0  4513  1673     0     0   445     5     -     -     0   222    31
    0    49    61     2     0     0     0  4513  1675     0     0   445     5     -     -     0   222    31
    0    49    61     2     0     0     0  4513  1673     0     0   445     5     -     -     0   223    32
    0    52    61     2     0     0     0  4513  1675     0     0   445     5     -     -     0   221    32
    0    49    61     2     0     0     0  4513  1672     0     0   445     5     -     -     0   255    31
    0    49    61     2     0     0     0  4513  1672     0     0   445     5     -     -     0   240    38
    0    49    61     2     0     0     0  4513  1672     0     0   445     5     -     -     0   223    32
    0    49    61     2     0     0     0  4513  1671     0     0   445     5     -     -     0   217    31
    0    49    61     2     0     0     0  4513  1674     0     0   445     5     -     -     0   257    31
    0    49    61     2     0     0     0  4513  1674     0     0   445     5     -     -     0   226    31
    0    49    61     2     0     0     0  4513  1674     0     0   445     5     -     -     0   261    31
    0    49    61     2     0     0     0  4513  1673     0     0   445     5     -     -     0   223    31
    0    49    61     3     0     0     0  4513  1671     0     0   445     5     -     -     0   268    31
    0    49    61     3     0     0     0  4513  1673     0     0   445     5     -     -     0   251    38
    0    49    61     2     0     0     0  4513  1672     0     0   445     5     -     -     0   291    31
    0    49    61     2     0     0     0  4513  1671     0     0   445     5     -     -     0   266    30
    0    49    61     2     0     0     0  4513  1673     0     0   445     5     -     -     0   253    30
    0    49    61     2     0     0     0  4513  1672     0     0   445     5     -     -     0   216    30
    0    49    61     2     0     0     0  4513  1673     0     0   445     5     -     -     0   225    29
    0    49    61     2     0     0     0  4513  1674     0     0   445     5     -     -     0   221    29
    0    49    61     2     0     0     0  4513  1673     0     0   445     5     -     -     0   292    37
    0    49    61     2     0     0     0  4513  1675     0     0   445     5     -     -     0   248    37
    0    49    61     2     0     0     0  4513  1675     0     0   445     5     -     -     0   237    37
    0    49    61     2     0     0     0  4513  1674     0     0   445     5     -     -     0   218    37
    0    49    61     2     0     0     0  4513  1673     0     0   445     5     -     -     0   221    38
    0    49    61     2     0     0     0  4513  1672     0     0   445     5     -     -     0   221    38
# gpu   pwr  temp    sm   mem   enc   dec  mclk  pclk pviol tviol    fb  bar1 sbecc dbecc   pci rxpci txpci
# Idx     W     C     %     %     %     %   MHz   MHz     %  bool    MB    MB  errs  errs  errs  MB/s  MB/s
    0    49    60     2     0     0     0  4513  1673     0     0   445     5     -     -     0   266    37
    0    49    61     2     0     0     0  4513  1675     0     0   445     5     -     -     0   255    37
    0    49    61     2     0     0     0  4513  1672     0     0   445     5     -     -     0   226    46
    0    49    61     3     0     0     0  4513  1672     0     0   445     5     -     -     0   291    39
    0    49    61     3     0     0     0  4513  1673     0     0   445     5     -     -     0   261    39
    0    49    60     3     0     0     0  4513  1673     0     0   445     5     -     -     0   247    38
    0    49    60     2     0     0     0  4513  1673     0     0   445     5     -     -     0   227    40
    0    49    60     2     0     0     0  4513  1674     0     0   445     5     -     -     0   260    40
    0    49    60     2     0     0     0  4513  1675     0     0   445     5     -     -     0   223    39
    0    49    60     2     0     0     0  4513  1675     0     0   445     5     -     -     0   227    41
    0    49    60     2     0     0     0  4513  1677     0     0   445     5     -     -     0   269    39
    0    49    60     2     0     0     0  4513  1673     0     0   445     5     -     -     0   233    39
    0    49    60     2     0     0     0  4513  1674     0     0   445     5     -     -     0   261    39
    0    49    60     2     0     0     0  4513  1672     0     0   445     5     -     -     0   276    39
    0    49    60     2     0     0     0  4513  1675     0     0   445     5     -     -     0   303    39
    0    49    60     2     0     0     0  4513  1675     0     0   445     5     -     -     0   271    38
    0    49    60     2     0     0     0  4513  1673     0     0   445     5     -     -     0   286    37
    0    49    60     2     0     0     0  4513  1674     0     0   445     5     -     -     0   228    37
    0    49    60     2     0     0     0  4513  1672     0     0   445     5     -     -     0   260    38
    0    49    60     2     0     0     0  4513  1672     0     0   445     5     -     -     0   273    38
    0    49    60     2     0     0     0  4513  1672     0     0   445     5     -     -     0   282    38
    0    49    60     3     0     0     0  4513  1673     0     0   445     5     -     -     0   262    37
    0    49    60     3     0     0     0  4513  1671     0     0   445     5     -     -     0   224    38
    0    49    60     3     0     0     0  4513  1670     0     0   445     5     -     -     0   281    37
    0    49    60     2     0     0     0  4513  1672     0     0   445     5     -     -     0   290    44
    0    49    60     2     0     0     0  4513  1671     0     0   445     5     -     -     0   221    39
    0    49    60     2     0     0     0  4513  1672     0     0   445     5     -     -     0   224    39
    0    48    60     2     0     0     0  4513  1673     0     0   445     5     -     -     0   225    42
    0    49    60     2     0     0     0  4513  1673     0     0   445     5     -     -     0   226    43
    0    49    60     2     0     0     0  4513  1673     0     0   445     5     -     -     0   224    33
    0    49    60     2     0     0     0  4513  1673     0     0   445     5     -     -     0   220    33
    0    49    60     2     0     0     0  4513  1672     0     0   445     5     -     -     0   222    33
    0    49    60     2     0     0     0  4513  1673     0     0   445     5     -     -     0   268    33
    0    49    60     2     0     0     0  4513  1674     0     0   445     5     -     -     0   222    33
    0    49    60     2     0     0     0  4513  1673     0     0   445     5     -     -     0   220    33
    0    49    60     2     0     0     0  4513  1672     0     0   445     5     -     -     0   225    33
    0    49    60     2     0     0     0  4513  1673     0     0   445     5     -     -     0   218    31
    0    49    60     3     0     0     0  4513  1673     0     0   445     5     -     -     0   220    36
    0    49    60     3     0     0     0  4513  1674     0     0   445     5     -     -     0   227    32
    0    48    59     3     0     0     0  4513  1675     0     0   445     5     -     -     0   232    31
    0    49    60     2     0     0     0  4513  1676     0     0   445     5     -     -     0   224    35
    0    49    59     2     0     0     0  4513  1676     0     0   445     5     -     -     0   219    32
    0    49    59     2     0     0     0  4513  1676     0     0   445     5     -     -     0   277    31
    0    49    59     2     0     0     0  4513  1676     0     0   445     5     -     -     0   221    32
# gpu   pwr  temp    sm   mem   enc   dec  mclk  pclk pviol tviol    fb  bar1 sbecc dbecc   pci rxpci txpci
# Idx     W     C     %     %     %     %   MHz   MHz     %  bool    MB    MB  errs  errs  errs  MB/s  MB/s
    0    49    59     2     0     0     0  4513  1677     0     0   445     5     -     -     0   223    33
    0    49    59     2     0     0     0  4513  1679     0     0   445     5     -     -     0   265    32
    0    49    59     2     0     0     0  4513  1678     0     0   445     5     -     -     0   223    33
    0    49    59     2     0     0     0  4513  1676     0     0   445     5     -     -     0   266    32
    0    49    59     2     0     0     0  4513  1675     0     0   445     5     -     -     0   260    33
    0    49    59     2     0     0     0  4513  1676     0     0   445     5     -     -     0   225    32
    0    49    59     2     0     0     0  4513  1678     0     0   445     5     -     -     0   224    33
    0    49    59     2     0     0     0  4513  1678     0     0   445     5     -     -     0   220    37
    0    49    59     2     0     0     0  4513  1678     0     0   445     5     -     -     0   270    40
    0    49    59     3     0     0     0  4513  1678     0     0   445     5     -     -     0   220    33
    0    48    59     2     0     0     0  4513  1678     0     0   445     5     -     -     0   272    41
    0    49    59     2     0     0     0  4513  1679     0     0   445     5     -     -     0   224    42
    0    48    59     3     0     0     0  4513  1679     0     0   445     5     -     -     0   226    39
    0    49    59     3     0     0     0  4513  1677     0     0   445     5     -     -     0   253    39
    0    49    59     3     0     0     0  4513  1675     0     0   445     5     -     -     0   275    39
    0    49    59     2     0     0     0  4513  1676     0     0   445     5     -     -     0   225    39
    0    48    59     3     0     0     0  4513  1678     0     0   445     5     -     -     0   223    39
    0    49    59     2     0     0     0  4513  1678     0     0   445     5     -     -     0   281    40
    0    48    59     2     0     0     0  4513  1676     0     0   445     5     -     -     0   244    40
    0    49    59     2     0     0     0  4513  1678     0     0   445     5     -     -     0   224    39
    0    49    59     2     0     0     0  4513  1677     0     0   445     5     -     -     0   227    40
    0    48    59     2     0     0     0  4513  1677     0     0   445     5     -     -     0   263    40
    0    49    59     2     0     0     0  4513  1676     0     0   445     5     -     -     0   215    40
    0    48    59     2     0     0     0  4513  1676     0     0   445     5     -     -     0   256    38
    0    49    59     2     0     0     0  4513  1675     0     0   445     5     -     -     0   278    37
    0    48    59     2     0     0     0  4513  1674     0     0   445     5     -     -     0   220    37
    0    49    59     2     0     0     0  4513  1674     0     0   445     5     -     -     0   289    36
    0    49    59     2     0     0     0  4513  1675     0     0   445     5     -     -     0   276    37
    0    48    59     2     0     0     0  4513  1676     0     0   445     5     -     -     0   260    37
    0    49    59     2     0     0     0  4513  1675     0     0   445     5     -     -     0   250    38
    0    48    57     3     0     0     0  4513  1675     0     0   445     5     -     -     0   218    37
    0    48    59     3     0     0     0  4513  1674     0     0   445     5     -     -     0   274    38
    0    49    59     3     0     0     0  4513  1674     0     0   445     5     -     -     0   223    37
    0    49    59     2     0     0     0  4513  1676     0     0   445     5     -     -     0   226    38
    0    48    59     2     0     0     0  4513  1676     0     0   445     5     -     -     0   256    36
    0    49    59     5     1     0     0  4513  1676     0     0   445     5     -     -     0   220    38
    0    48    59     2     0     0     0  4513  1675     0     0   445     5     -     -     0   268    39
    0    49    59     2     0     0     0  4513  1675     0     0   445     5     -     -     0   268    38
    0    49    59     2     0     0     0  4513  1676     0     0   445     5     -     -     0   224    46
    0    49    59     2     0     0     0  4513  1676     0     0   445     5     -     -     0   271    39
    0    48    59     2     0     0     0  4513  1677     0     0   445     5     -     -     0   221    39
    0    48    59     2     0     0     0  4513  1676     0     0   445     5     -     -     0   222    39
    0    49    59     2     0     0     0  4513  1676     0     0   445     5     -     -     0   290    39
    0    49    59     2     0     0     0  4513  1675     0     0   445     5     -     -     0   287    39
# gpu   pwr  temp    sm   mem   enc   dec  mclk  pclk pviol tviol    fb  bar1 sbecc dbecc   pci rxpci txpci
# Idx     W     C     %     %     %     %   MHz   MHz     %  bool    MB    MB  errs  errs  errs  MB/s  MB/s
    0    48    59     2     0     0     0  4513  1677     0     0   445     5     -     -     0   275    39
    0    48    59     2     0     0     0  4513  1677     0     0   445     5     -     -     0   271    29
    0    49    59     3     0     0     0  4513  1677     0     0   445     5     -     -     0   224    37
    0    48    59     3     0     0     0  4513  1676     0     0   445     5     -     -     0   273    29
    0    49    59     3     0     0     0  4513  1676     0     0   445     5     -     -     0   222    29
    0    48    60     2     0     0     0  4513  1677     0     0   445     5     -     -     0   221    29
    0    48    59     2     0     0     0  4513  1676     0     0   445     5     -     -     0   220    29
    0    48    58     2     0     0     0  4513  1676     0     0   445     5     -     -     0   281    29
    0    48    59     2     0     0     0  4513  1677     0     0   445     5     -     -     0   233    36
    0    48    58     2     0     0     0  4513  1676     0     0   445     5     -     -     0   294    29
    0    49    58     2     0     0     0  4513  1676     0     0   445     5     -     -     0   226    29
    0    48    58     2     0     0     0  4513  1678     0     0   445     5     -     -     0   275    29
    0    48    58     2     0     0     0  4513  1678     0     0   445     5     -     -     0   262    29
    0    49    58     2     0     0     0  4513  1678     0     0   445     5     -     -     0   225    29
    0    48    58     2     0     0     0  4513  1677     0     0   445     5     -     -     0   227    32
    0    49    58     2     0     0     0  4513  1678     0     0   445     5     -     -     0   225    30
    0    49    58     3     0     0     0  4513  1678     0     0   445     5     -     -     0   225    38
    0    49    58     3     0     0     0  4513  1677     0     0   445     5     -     -     0   220    37
    0    49    58     3     0     0     0  4513  1677     0     0   445     5     -     -     0   274    32
    0    48    58     2     0     0     0  4513  1678     0     0   445     5     -     -     0   259    32
    0    48    58     2     0     0     0  4513  1679     0     0   445     5     -     -     0   225    31
    0    49    58     2     0     0     0  4513  1678     0     0   445     5     -     -     0   221    32
    0    48    58     2     0     0     0  4513  1677     0     0   445     5     -     -     0   224    31
    0    48    59     2     0     0     0  4513  1677     0     0   445     5     -     -     0   221    31
    0    48    59     2     0     0     0  4513  1678     0     0   445     5     -     -     0   241    30
    0    49    59     2     0     0     0  4513  1679     0     0   445     5     -     -     0   221    31
    0    49    59     2     0     0     0  4513  1678     0     0   445     5     -     -     0   257    31
    0    49    59     2     0     0     0  4513  1676     0     0   445     5     -     -     0   229    37
    0    49    59     3     0     0     0  4513  1677     0     0   445     5     -     -     0   225    40
    0    48    59     2     0     0     0  4513  1677     0     0   445     5     -     -     0   226    39
    0    48    59     2     0     0     0  4513  1676     0     0   445     5     -     -     0   217    40
    0    49    59     2     0     0     0  4513  1677     0     0   445     5     -     -     0   221    37
    0    49    59     2     0     0     0  4513  1677     0     0   445     5     -     -     0   261    37
    0    48    60     2     0     0     0  4513  1675     0     0   445     5     -     -     0   220    36
    0    49    60     3     0     0     0  4513  1675     0     0   445     5     -     -     0   255    37
    0    49    60     3     0     0     0  4513  1675     0     0   445     5     -     -     0   222    37
    0    49    60     3     0     0     0  4513  1676     0     0   445     5     -     -     0   217    37
    0    49    58     2     0     0     0  4513  1675     0     0   445     5     -     -     0   277    37
    0    49    60     2     0     0     0  4513  1677     0     0   445     5     -     -     0   251    37
    0    49    60     2     0     0     0  4513  1677     0     0   445     5     -     -     0   222    36
    0    49    60     2     0     0     0  4513  1677     0     0   445     5     -     -     0   268    39
    0    49    60     2     0     0     0  4513  1677     0     0   445     5     -     -     0   226    41
    0    49    61     2     0     0     0  4513  1676     0     0   445     5     -     -     0   217    39
    0    49    61     2     0     0     0  4513  1674     0     0   445     5     -     -     0   219    40
# gpu   pwr  temp    sm   mem   enc   dec  mclk  pclk pviol tviol    fb  bar1 sbecc dbecc   pci rxpci txpci
# Idx     W     C     %     %     %     %   MHz   MHz     %  bool    MB    MB  errs  errs  errs  MB/s  MB/s
    0    49    61     2     0     0     0  4513  1675     0     0   445     5     -     -     0   256    40
    0    49    61     2     0     0     0  4513  1676     0     0   445     5     -     -     0   223    39
    0    49    61     2     0     0     0  4513  1675     0     0   445     5     -     -     0   271    39
    0    52    61     2     0     0     0  4513  1674     0     0   445     5     -     -     0   264    39
    0    49    61     2     0     0     0  4513  1674     0     0   445     5     -     -     0   218    39
    0    49    61     2     0     0     0  4513  1675     0     0   445     5     -     -     0   219    39
    0    49    61     2     0     0     0  4513  1676     0     0   445     5     -     -     0   220    39
    0    49    61     3     0     0     0  4513  1675     0     0   445     5     -     -     0   227    40
    0    49    61     3     0     0     0  4513  1674     0     0   445     5     -     -     0   223    40
    0    49    61     3     0     0     0  4513  1675     0     0   445     5     -     -     0   268    40
    0    49    61     2     0     0     0  4513  1674     0     0   445     5     -     -     0   255    39
    0    49    61     2     0     0     0  4513  1673     0     0   445     5     -     -     0   216    40
    0    49    61     3     0     0     0  4513  1674     0     0   445     5     -     -     0   280    38
    0    49    61     2     0     0     0  4513  1672     0     0   445     5     -     -     0   262    37
    0    49    61     2     0     0     0  4513  1672     0     0   445     5     -     -     0   237    36
    0    49    61     2     0     0     0  4513  1673     0     0   445     5     -     -     0   270    37
    0    49    61     2     0     0     0  4513  1674     0     0   445     5     -     -     0   240    36
    0    49    61     2     0     0     0  4513  1674     0     0   445     5     -     -     0   219    36
    0    49    61     2     0     0     0  4513  1674     0     0   445     5     -     -     0   268    31
    0    49    61     2     0     0     0  4513  1673     0     0   445     5     -     -     0   227    31
    0    49    61     2     0     0     0  4513  1673     0     0   445     5     -     -     0   273    31
    0    49    61     2     0     0     0  4513  1673     0     0   445     5     -     -     0   267    32
    0    49    61     2     0     0     0  4513  1674     0     0   445     5     -     -     0   276    31
    0    49    61     2     0     0     0  4513  1675     0     0   445     5     -     -     0   251    31
    0    49    61     2     0     0     0  4513  1674     0     0   445     5     -     -     0   219    31
    0    49    61     2     0     0     0  4513  1674     0     0   445     5     -     -     0   290    31
    0    49    61     3     0     0     0  4513  1674     0     0   445     5     -     -     0   266    31
    0    49    60     2     0     0     0  4513  1676     0     0   445     5     -     -     0   224    31
    0    49    60     2     0     0     0  4513  1678     0     0   445     5     -     -     0   225    30
    0    49    60     2     0     0     0  4513  1676     0     0   445     5     -     -     0   228    30
    0    49    60     2     0     0     0  4513  1675     0     0   445     5     -     -     0   272    30
    0    49    60     2     0     0     0  4513  1675     0     0   445     5     -     -     0   261    30
    0    49    60     2     0     0     0  4513  1674     0     0   445     5     -     -     0   221    29
    0    49    60     2     0     0     0  4513  1675     0     0   445     5     -     -     0   219    30
    0    49    60     2     0     0     0  4513  1676     0     0   445     5     -     -     0   268    29
    0    49    60     2     0     0     0  4513  1674     0     0   445     5     -     -     0   245    29
    0    49    60     2     0     0     0  4513  1674     0     0   445     5     -     -     0   223    29
    0    49    60     2     0     0     0  4513  1675     0     0   445     5     -     -     0   272    30
    0    49    60     2     0     0     0  4513  1674     0     0   445     5     -     -     0   260    31
    0    49    60     3     0     0     0  4513  1676     0     0   445     5     -     -     0   292    32
    0    49    60     3     0     0     0  4513  1675     0     0   445     5     -     -     0   270    32
    0    49    60     3     0     0     0  4513  1675     0     0   445     5     -     -     0   223    31
    0    49    60     3     0     0     0  4513  1674     0     0   445     5     -     -     0   226    32
    0    49    60     2     0     0     0  4513  1675     0     0   445     5     -     -     0   260    31
# gpu   pwr  temp    sm   mem   enc   dec  mclk  pclk pviol tviol    fb  bar1 sbecc dbecc   pci rxpci txpci
# Idx     W     C     %     %     %     %   MHz   MHz     %  bool    MB    MB  errs  errs  errs  MB/s  MB/s
    0    49    60     2     0     0     0  4513  1676     0     0   445     5     -     -     0   236    44
    0    49    60     2     0     0     0  4513  1675     0     0   445     5     -     -     0   227    39
    0    49    59     2     0     0     0  4513  1676     0     0   445     5     -     -     0   229    40
    0    49    60     2     0     0     0  4513  1674     0     0   445     5     -     -     0   224    40
    0    49    60     2     0     0     0  4513  1676     0     0   445     5     -     -     0   266    39
    0    49    60     2     0     0     0  4513  1677     0     0   445     5     -     -     0   226    39
    0    49    60     2     0     0     0  4513  1676     0     0   445     5     -     -     0   226    38
    0    49    60     2     0     0     0  4513  1677     0     0   445     5     -     -     0   227    38
    0    49    60     3     0     0     0  4513  1676     0     0   445     5     -     -     0   230    36
    0    49    60     2     0     0     0  4513  1676     0     0   445     5     -     -     0   225    37
    0    49    60     2     0     0     0  4513  1675     0     0   445     5     -     -     0   222    37
    0    49    60     2     0     0     0  4513  1674     0     0   445     5     -     -     0   248    40
    0    49    60     2     0     0     0  4513  1675     0     0   445     5     -     -     0   226    40
    0    49    60     2     0     0     0  4513  1675     0     0   445     5     -     -     0   267    43
    0    49    60     2     0     0     0  4513  1676     0     0   445     5     -     -     0   224    42
    0    49    60     3     0     0     0  4513  1676     0     0   445     5     -     -     0   257    42
    0    49    59     3     0     0     0  4513  1676     0     0   445     5     -     -     0   272    42
    0    49    59     3     0     0     0  4513  1676     0     0   445     5     -     -     0   222    42
    0    48    59     2     0     0     0  4513  1677     0     0   445     5     -     -     0   222    42
    0    49    59     2     0     0     0  4513  1677     0     0   445     5     -     -     0   216    41
    0    49    59     2     0     0     0  4513  1678     0     0   445     5     -     -     0   216    41
    0    49    59     2     0     0     0  4513  1676     0     0   445     5     -     -     0   214    41
    0    49    59     2     0     0     0  4513  1676     0     0   445     5     -     -     0   228    50
    0    49    59     2     0     0     0  4513  1676     0     0   445     5     -     -     0   224    43
    0    49    59     2     0     0     0  4513  1677     0     0   445     5     -     -     0   223    43
    0    49    59     2     0     0     0  4513  1677     0     0   445     5     -     -     0   220    42
    0    49    59     2     0     0     0  4513  1675     0     0   445     5     -     -     0   222    42
    0    49    59     2     0     0     0  4513  1674     0     0   445     5     -     -     0   221    40
    0    49    59     2     0     0     0  4513  1676     0     0   445     5     -     -     0   223    39
    0    49    59     2     0     0     0  4513  1676     0     0   445     5     -     -     0   220    37
    0    49    59     2     0     0     0  4513  1674     0     0   445     5     -     -     0   229    38
    0    49    59     2     0     0     0  4513  1673     0     0   445     5     -     -     0   273    37
    0    49    59     2     0     0     0  4513  1674     0     0   445     5     -     -     0   226    37
    0    49    59     2     0     0     0  4513  1673     0     0   445     5     -     -     0   221    41
    0    49    59     3     0     0     0  4513  1673     0     0   445     5     -     -     0   218    43
    0    49    59     3     0     0     0  4513  1675     0     0   445     5     -     -     0   218    32
    0    49    59     3     0     0     0  4513  1674     0     0   445     5     -     -     0   219    30
    0    48    59     2     0     0     0  4513  1674     0     0   445     5     -     -     0   220    32
    0    49    59     2     0     0     0  4513  1674     0     0   445     5     -     -     0   221    32
    0    49    59     2     0     0     0  4513  1676     0     0   445     5     -     -     0   224    30
    0    49    59     2     0     0     0  4513  1674     0     0   445     5     -     -     0   224    31
    0    49    59     2     0     0     0  4513  1675     0     0   445     5     -     -     0   223    34
    0    49    59     2     0     0     0  4513  1673     0     0   445     5     -     -     0   220    32
    0    49    59     2     0     0     0  4513  1672     0     0   445     5     -     -     0   222    33
# gpu   pwr  temp    sm   mem   enc   dec  mclk  pclk pviol tviol    fb  bar1 sbecc dbecc   pci rxpci txpci
# Idx     W     C     %     %     %     %   MHz   MHz     %  bool    MB    MB  errs  errs  errs  MB/s  MB/s
    0    49    59     2     0     0     0  4513  1674     0     0   445     5     -     -     0   220    36
    0    49    59     2     0     0     0  4513  1672     0     0   445     5     -     -     0   225    31
    0    49    59     2     0     0     0  4513  1672     0     0   445     5     -     -     0   227    33
    0    49    59     2     0     0     0  4513  1672     0     0   445     5     -     -     0   280    33
    0    49    59     2     0     0     0  4513  1670     0     0   445     5     -     -     0   228    32
    0    49    59     3     0     0     0  4513  1672     0     0   445     5     -     -     0   221    32
    0    49    59     3     0     0     0  4513  1672     0     0   445     5     -     -     0   270    33
    0    49    59     3     0     0     0  4513  1672     0     0   445     5     -     -     0   226    32
    0    49    59     2     0     0     0  4513  1672     0     0   445     5     -     -     0   276    32
    0    49    59     2     0     0     0  4513  1672     0     0   445     5     -     -     0   224    31
    0    48    59     2     0     0     0  4513  1674     0     0   445     5     -     -     0   222    31
    0    48    59     2     0     0     0  4513  1673     0     0   445     5     -     -     0   223    30
    0    49    59     2     0     0     0  4513  1671     0     0   445     5     -     -     0   227    30
    0    49    59     2     0     0     0  4513  1674     0     0   445     5     -     -     0   226    30
    0    49    59     2     0     0     0  4513  1674     0     0   445     5     -     -     0   217    33
    0    48    59     2     0     0     0  4513  1673     0     0   445     5     -     -     0   220    32
    0    48    59     2     0     0     0  4513  1676     0     0   445     5     -     -     0   275    32
    0    49    59     2     0     0     0  4513  1674     0     0   445     5     -     -     0   222    40
    0    48    60     3     0     0     0  4513  1674     0     0   445     5     -     -     0   222    41
    0    49    59     2     0     0     0  4513  1674     0     0   445     5     -     -     0   220    45
    0    49    59     2     0     0     0  4513  1673     0     0   445     5     -     -     0   221    42
    0    49    59     2     0     0     0  4513  1674     0     0   445     5     -     -     0   220    40
    0    49    59     2     0     0     0  4513  1672     0     0   445     5     -     -     0   229    41
    0    48    59     2     0     0     0  4513  1673     0     0   445     5     -     -     0   222    45
    0    49    59     3     0     0     0  4513  1673     0     0   445     5     -     -     0   222    40
    0    49    59     3     0     0     0  4513  1672     0     0   445     5     -     -     0   218    43
    0    48    59     3     0     0     0  4513  1672     0     0   445     5     -     -     0   221    40
    0    49    59     2     0     0     0  4513  1671     0     0   445     5     -     -     0   221    47
    0    49    59     2     0     0     0  4513  1672     0     0   445     5     -     -     0   225    46
    0    48    59     2     0     0     0  4513  1672     0     0   445     5     -     -     0   220    39
    0    48    59     2     0     0     0  4513  1673     0     0   445     5     -     -     0   268    39
    0    48    59     2     0     0     0  4513  1674     0     0   445     5     -     -     0   277    38
    0    49    59     2     0     0     0  4513  1675     0     0   445     5     -     -     0   280    38
    0    48    59     2     0     0     0  4513  1674     0     0   445     5     -     -     0   222    37
    0    48    59     2     0     0     0  4513  1675     0     0   445     5     -     -     0   254    39
    0    48    59     2     0     0     0  4513  1675     0     0   445     5     -     -     0   261    39
    0    48    59     2     0     0     0  4513  1675     0     0   445     5     -     -     0   230    37
    0    48    59     2     0     0     0  4513  1674     0     0   445     5     -     -     0   278    38
    0    48    59     2     0     0     0  4513  1674     0     0   445     5     -     -     0   294    44
    0    48    59     2     0     0     0  4513  1675     0     0   445     5     -     -     0   266    40
    0    48    59     2     0     0     0  4513  1676     0     0   445     5     -     -     0   221    44
    0    49    59     2     0     0     0  4513  1675     0     0   445     5     -     -     0   219    41
    0    49    59     2     0     0     0  4513  1675     0     0   445     5     -     -     0   223    41
    0    48    59     3     0     0     0  4513  1676     0     0   445     5     -     -     0   224    42
# gpu   pwr  temp    sm   mem   enc   dec  mclk  pclk pviol tviol    fb  bar1 sbecc dbecc   pci rxpci txpci
# Idx     W     C     %     %     %     %   MHz   MHz     %  bool    MB    MB  errs  errs  errs  MB/s  MB/s
    0    48    59     3     1     0     0  4513  1677     0     0   445     5     -     -     0   221    42
    0    48    59     3     0     0     0  4513  1677     0     0   445     5     -     -     0   219    43
    0    49    59     2     0     0     0  4513  1678     0     0   445     5     -     -     0   219    41
    0    49    59     2     0     0     0  4513  1677     0     0   445     5     -     -     0   221    43
    0    48    59     2     0     0     0  4513  1675     0     0   445     5     -     -     0   224    42
    0    49    60     2     0     0     0  4513  1675     0     0   445     5     -     -     0   225    41
    0    49    60     2     0     0     0  4513  1675     0     0   445     5     -     -     0   219    41
    0    49    60     2     0     0     0  4513  1676     0     0   445     5     -     -     0   219    38
    0    49    60     2     0     0     0  4513  1674     0     0   445     5     -     -     0   227    31
    0    49    60     2     0     0     0  4513  1676     0     0   445     5     -     -     0   261    33
    0    49    60     2     0     0     0  4513  1676     0     0   445     5     -     -     0   225    31
    0    49    60     2     0     0     0  4513  1674     0     0   445     5     -     -     0   250    34
    0    49    60     2     0     0     0  4513  1674     0     0   445     5     -     -     0   227    32
    0    49    60     2     0     0     0  4513  1676     0     0   445     5     -     -     0   227    32
    0    49    60     2     0     0     0  4513  1676     0     0   445     5     -     -     0   217    33
    0    49    61     2     0     0     0  4513  1677     0     0   445     5     -     -     0   220    32
    0    49    61     2     0     0     0  4513  1675     0     0   445     5     -     -     0   223    31
    0    50    61     2     0     0     0  4513  1675     0     0   445     5     -     -     0   259    31
    0    49    61     3     0     0     0  4513  1676     0     0   445     5     -     -     0   256    38
    0    49    61     2     0     0     0  4513  1676     0     0   445     5     -     -     0   222    32
    0    49    61     2     0     0     0  4513  1676     0     0   445     5     -     -     0   223    30
    0    49    61     2     0     0     0  4513  1676     0     0   445     5     -     -     0   227    30
    0    49    61     2     0     0     0  4513  1676     0     0   445     5     -     -     0   271    31
    0    49    61     2     0     0     0  4513  1675     0     0   445     5     -     -     0   224    30
    0    49    61     3     1     0     0  4513  1675     0     0   445     5     -     -     0   279    32
    0    49    61     2     0     0     0  4513  1672     0     0   445     5     -     -     0   264    31
    0    51    61     0     0     0     0  5005  1672     0     0   155     5     -     -     0     1     0
    0    51    61     0     0     0     0  5005  1670     0     0   155     5     -     -     0     1     0
    0    43    60     0     0     0     0  5005  1352     0     0   155     5     -     -     0     0     0
    0    42    60     0     0     0     0  5005  1180     0     0   155     5     -     -     0     0     0
    0    41    60     5     1     0     0  4513  1181     0     0   155     5     -     -     0     0     0
    0    41    60     0     0     0     0  4513  1184     0     0   155     5     -     -     0    20     0
